-- The C compiler identification is GNU 9.4.0
-- The CXX compiler identification is GNU 9.4.0
-- Check for working C compiler: /usr/bin/cc
-- Check for working C compiler: /usr/bin/cc -- works
-- Detecting C compiler ABI info
-- Detecting C compiler ABI info - done
-- Detecting C compile features
-- Detecting C compile features - done
-- Check for working CXX compiler: /usr/bin/c++
-- Check for working CXX compiler: /usr/bin/c++ -- works
-- Detecting CXX compiler ABI info
-- Detecting CXX compiler ABI info - done
-- Detecting CXX compile features
-- Detecting CXX compile features - done
-- Found ament_cmake: 0.9.12 (/opt/ros/foxy/share/ament_cmake/cmake)
-- Found PythonInterp: /usr/bin/python3 (found suitable version "3.8.10", minimum required is "3") 
-- Using PYTHON_EXECUTABLE: /usr/bin/python3
-- Found rosidl_default_generators: 1.0.1 (/opt/ros/foxy/share/rosidl_default_generators/cmake)
-- Using all available rosidl_typesupport_c: rosidl_typesupport_fastrtps_c;rosidl_typesupport_introspection_c
-- Found rosidl_adapter: 1.3.1 (/opt/ros/foxy/share/rosidl_adapter/cmake)
-- Found OpenSSL: /usr/lib/aarch64-linux-gnu/libcrypto.so (found version "1.1.1f")  
-- Found FastRTPS: /opt/ros/foxy/include  
-- Using all available rosidl_typesupport_cpp: rosidl_typesupport_fastrtps_cpp;rosidl_typesupport_introspection_cpp
-- Found builtin_interfaces: 1.0.0 (/opt/ros/foxy/share/builtin_interfaces/cmake)
-- Found PythonInterp: /usr/bin/python3 (found version "3.8.10") 
-- Found ament_cmake_ros: 0.9.2 (/opt/ros/foxy/share/ament_cmake_ros/cmake)
-- Using all available rosidl_typesupport_c: rosidl_typesupport_fastrtps_c;rosidl_typesupport_introspection_c
-- Using all available rosidl_typesupport_cpp: rosidl_typesupport_fastrtps_cpp;rosidl_typesupport_introspection_cpp
-- Found PythonInterp: /usr/bin/python3 (found suitable version "3.8.10", minimum required is "3.5") 
-- Found python_cmake_module: 0.8.1 (/opt/ros/foxy/share/python_cmake_module/cmake)
-- Found PythonLibs: /usr/lib/aarch64-linux-gnu/libpython3.8.so (found suitable version "3.8.10", minimum required is "3.5") 
-- Using PYTHON_EXECUTABLE: /usr/bin/python3
-- Using PYTHON_INCLUDE_DIRS: /usr/include/python3.8
-- Using PYTHON_LIBRARIES: /usr/lib/aarch64-linux-gnu/libpython3.8.so
-- Found PythonExtra: .so  
-- Configuring done
-- Generating done
-- Build files have been written to: /home/dentium/Desktop/work/Projects/TFRobot/build/md_interfaces
[35m[1mScanning dependencies of target md_interfaces__cpp[0m
[  1%] [34m[1mGenerating C code for ROS interfaces[0m
[  2%] [34m[1mGenerating C++ code for ROS interfaces[0m
[  2%] Built target md_interfaces__cpp
[  3%] [34m[1mGenerating C++ type support for eProsima Fast-RTPS[0m
[  5%] [34m[1mGenerating C++ type support dispatch for ROS interfaces[0m
[35m[1mScanning dependencies of target md_interfaces__rosidl_generator_c[0m
[  6%] [34m[1mGenerating C++ introspection for ROS interfaces[0m
[  7%] [32mBuilding C object CMakeFiles/md_interfaces__rosidl_generator_c.dir/rosidl_generator_c/md_interfaces/msg/detail/pose__functions.c.o[0m
[  8%] [32mBuilding C object CMakeFiles/md_interfaces__rosidl_generator_c.dir/rosidl_generator_c/md_interfaces/msg/detail/md_robot_msg1__functions.c.o[0m
[ 10%] [32mBuilding C object CMakeFiles/md_interfaces__rosidl_generator_c.dir/rosidl_generator_c/md_interfaces/msg/detail/md_robot_msg2__functions.c.o[0m
[ 11%] [32mBuilding C object CMakeFiles/md_interfaces__rosidl_generator_c.dir/rosidl_generator_c/md_interfaces/msg/detail/pos_vel_timestamped__functions.c.o[0m
[ 12%] [32mBuilding C object CMakeFiles/md_interfaces__rosidl_generator_c.dir/rosidl_generator_c/md_interfaces/msg/detail/md_robot_slow_start_stop__functions.c.o[0m
[ 13%] [32mBuilding C object CMakeFiles/md_interfaces__rosidl_generator_c.dir/rosidl_generator_c/md_interfaces/msg/detail/md_robot_user_param__functions.c.o[0m
[ 15%] [32mBuilding C object CMakeFiles/md_interfaces__rosidl_generator_c.dir/rosidl_generator_c/md_interfaces/msg/detail/md_motor_ticks_and_velo__functions.c.o[0m
[35m[1mScanning dependencies of target md_interfaces__rosidl_typesupport_cpp[0m
[ 16%] [32mBuilding CXX object CMakeFiles/md_interfaces__rosidl_typesupport_cpp.dir/rosidl_typesupport_cpp/md_interfaces/msg/pose__type_support.cpp.o[0m
[ 17%] [32m[1mLinking C shared library libmd_interfaces__rosidl_generator_c.so[0m
[35m[1mScanning dependencies of target md_interfaces__rosidl_typesupport_fastrtps_cpp[0m
[ 17%] Built target md_interfaces__rosidl_generator_c
[ 18%] [32mBuilding CXX object CMakeFiles/md_interfaces__rosidl_typesupport_fastrtps_cpp.dir/rosidl_typesupport_fastrtps_cpp/md_interfaces/msg/detail/dds_fastrtps/pose__type_support.cpp.o[0m
[ 20%] [32mBuilding CXX object CMakeFiles/md_interfaces__rosidl_typesupport_fastrtps_cpp.dir/rosidl_typesupport_fastrtps_cpp/md_interfaces/msg/detail/dds_fastrtps/md_robot_msg1__type_support.cpp.o[0m
[35m[1mScanning dependencies of target md_interfaces__rosidl_typesupport_introspection_cpp[0m
[ 21%] [32mBuilding CXX object CMakeFiles/md_interfaces__rosidl_typesupport_introspection_cpp.dir/rosidl_typesupport_introspection_cpp/md_interfaces/msg/detail/pose__type_support.cpp.o[0m
[ 22%] [32mBuilding CXX object CMakeFiles/md_interfaces__rosidl_typesupport_cpp.dir/rosidl_typesupport_cpp/md_interfaces/msg/md_robot_msg1__type_support.cpp.o[0m
[ 24%] [32mBuilding CXX object CMakeFiles/md_interfaces__rosidl_typesupport_introspection_cpp.dir/rosidl_typesupport_introspection_cpp/md_interfaces/msg/detail/md_robot_msg1__type_support.cpp.o[0m
[ 25%] [32mBuilding CXX object CMakeFiles/md_interfaces__rosidl_typesupport_fastrtps_cpp.dir/rosidl_typesupport_fastrtps_cpp/md_interfaces/msg/detail/dds_fastrtps/md_robot_msg2__type_support.cpp.o[0m
[ 26%] [32mBuilding CXX object CMakeFiles/md_interfaces__rosidl_typesupport_cpp.dir/rosidl_typesupport_cpp/md_interfaces/msg/md_robot_msg2__type_support.cpp.o[0m
[ 27%] [32mBuilding CXX object CMakeFiles/md_interfaces__rosidl_typesupport_fastrtps_cpp.dir/rosidl_typesupport_fastrtps_cpp/md_interfaces/msg/detail/dds_fastrtps/pos_vel_timestamped__type_support.cpp.o[0m
[ 29%] [32mBuilding CXX object CMakeFiles/md_interfaces__rosidl_typesupport_introspection_cpp.dir/rosidl_typesupport_introspection_cpp/md_interfaces/msg/detail/md_robot_msg2__type_support.cpp.o[0m
[ 30%] [32mBuilding CXX object CMakeFiles/md_interfaces__rosidl_typesupport_fastrtps_cpp.dir/rosidl_typesupport_fastrtps_cpp/md_interfaces/msg/detail/dds_fastrtps/md_robot_slow_start_stop__type_support.cpp.o[0m
[ 31%] [32mBuilding CXX object CMakeFiles/md_interfaces__rosidl_typesupport_cpp.dir/rosidl_typesupport_cpp/md_interfaces/msg/pos_vel_timestamped__type_support.cpp.o[0m
[ 32%] [32mBuilding CXX object CMakeFiles/md_interfaces__rosidl_typesupport_introspection_cpp.dir/rosidl_typesupport_introspection_cpp/md_interfaces/msg/detail/pos_vel_timestamped__type_support.cpp.o[0m
[ 34%] [32mBuilding CXX object CMakeFiles/md_interfaces__rosidl_typesupport_fastrtps_cpp.dir/rosidl_typesupport_fastrtps_cpp/md_interfaces/msg/detail/dds_fastrtps/md_robot_user_param__type_support.cpp.o[0m
[ 35%] [32mBuilding CXX object CMakeFiles/md_interfaces__rosidl_typesupport_introspection_cpp.dir/rosidl_typesupport_introspection_cpp/md_interfaces/msg/detail/md_robot_slow_start_stop__type_support.cpp.o[0m
[ 36%] [32mBuilding CXX object CMakeFiles/md_interfaces__rosidl_typesupport_cpp.dir/rosidl_typesupport_cpp/md_interfaces/msg/md_robot_slow_start_stop__type_support.cpp.o[0m
[ 37%] [32mBuilding CXX object CMakeFiles/md_interfaces__rosidl_typesupport_fastrtps_cpp.dir/rosidl_typesupport_fastrtps_cpp/md_interfaces/msg/detail/dds_fastrtps/md_motor_ticks_and_velo__type_support.cpp.o[0m
[ 39%] [32mBuilding CXX object CMakeFiles/md_interfaces__rosidl_typesupport_cpp.dir/rosidl_typesupport_cpp/md_interfaces/msg/md_robot_user_param__type_support.cpp.o[0m
[ 40%] [32mBuilding CXX object CMakeFiles/md_interfaces__rosidl_typesupport_cpp.dir/rosidl_typesupport_cpp/md_interfaces/msg/md_motor_ticks_and_velo__type_support.cpp.o[0m
[ 41%] [32mBuilding CXX object CMakeFiles/md_interfaces__rosidl_typesupport_introspection_cpp.dir/rosidl_typesupport_introspection_cpp/md_interfaces/msg/detail/md_robot_user_param__type_support.cpp.o[0m
[ 43%] [32m[1mLinking CXX shared library libmd_interfaces__rosidl_typesupport_fastrtps_cpp.so[0m
[ 43%] Built target md_interfaces__rosidl_typesupport_fastrtps_cpp
[ 44%] [34m[1mGenerating C introspection for ROS interfaces[0m
[ 45%] [32mBuilding CXX object CMakeFiles/md_interfaces__rosidl_typesupport_introspection_cpp.dir/rosidl_typesupport_introspection_cpp/md_interfaces/msg/detail/md_motor_ticks_and_velo__type_support.cpp.o[0m
[ 46%] [32m[1mLinking CXX shared library libmd_interfaces__rosidl_typesupport_cpp.so[0m
[ 46%] Built target md_interfaces__rosidl_typesupport_cpp
[ 48%] [34m[1mGenerating C type support dispatch for ROS interfaces[0m
[ 49%] [32m[1mLinking CXX shared library libmd_interfaces__rosidl_typesupport_introspection_cpp.so[0m
[ 49%] Built target md_interfaces__rosidl_typesupport_introspection_cpp
[ 50%] [34m[1mGenerating C type support for eProsima Fast-RTPS[0m
[35m[1mScanning dependencies of target md_interfaces__rosidl_typesupport_c[0m
[35m[1mScanning dependencies of target md_interfaces__rosidl_typesupport_introspection_c[0m
[ 51%] [32mBuilding CXX object CMakeFiles/md_interfaces__rosidl_typesupport_c.dir/rosidl_typesupport_c/md_interfaces/msg/pose__type_support.cpp.o[0m
[ 53%] [32mBuilding CXX object CMakeFiles/md_interfaces__rosidl_typesupport_c.dir/rosidl_typesupport_c/md_interfaces/msg/md_robot_msg1__type_support.cpp.o[0m
[ 54%] [32mBuilding C object CMakeFiles/md_interfaces__rosidl_typesupport_introspection_c.dir/rosidl_typesupport_introspection_c/md_interfaces/msg/detail/pose__type_support.c.o[0m
[ 55%] [32mBuilding CXX object CMakeFiles/md_interfaces__rosidl_typesupport_c.dir/rosidl_typesupport_c/md_interfaces/msg/md_robot_msg2__type_support.cpp.o[0m
[ 56%] [32mBuilding CXX object CMakeFiles/md_interfaces__rosidl_typesupport_c.dir/rosidl_typesupport_c/md_interfaces/msg/pos_vel_timestamped__type_support.cpp.o[0m
[ 58%] [32mBuilding C object CMakeFiles/md_interfaces__rosidl_typesupport_introspection_c.dir/rosidl_typesupport_introspection_c/md_interfaces/msg/detail/md_robot_msg1__type_support.c.o[0m
[ 59%] [32mBuilding C object CMakeFiles/md_interfaces__rosidl_typesupport_introspection_c.dir/rosidl_typesupport_introspection_c/md_interfaces/msg/detail/md_robot_msg2__type_support.c.o[0m
[ 60%] [32mBuilding CXX object CMakeFiles/md_interfaces__rosidl_typesupport_c.dir/rosidl_typesupport_c/md_interfaces/msg/md_robot_slow_start_stop__type_support.cpp.o[0m
[ 62%] [32mBuilding C object CMakeFiles/md_interfaces__rosidl_typesupport_introspection_c.dir/rosidl_typesupport_introspection_c/md_interfaces/msg/detail/pos_vel_timestamped__type_support.c.o[0m
[ 63%] [32mBuilding C object CMakeFiles/md_interfaces__rosidl_typesupport_introspection_c.dir/rosidl_typesupport_introspection_c/md_interfaces/msg/detail/md_robot_slow_start_stop__type_support.c.o[0m
[ 64%] [32mBuilding CXX object CMakeFiles/md_interfaces__rosidl_typesupport_c.dir/rosidl_typesupport_c/md_interfaces/msg/md_robot_user_param__type_support.cpp.o[0m
[ 65%] [32mBuilding CXX object CMakeFiles/md_interfaces__rosidl_typesupport_c.dir/rosidl_typesupport_c/md_interfaces/msg/md_motor_ticks_and_velo__type_support.cpp.o[0m
[ 68%] [32mBuilding C object CMakeFiles/md_interfaces__rosidl_typesupport_introspection_c.dir/rosidl_typesupport_introspection_c/md_interfaces/msg/detail/md_robot_user_param__type_support.c.o[0m
[ 68%] [32mBuilding C object CMakeFiles/md_interfaces__rosidl_typesupport_introspection_c.dir/rosidl_typesupport_introspection_c/md_interfaces/msg/detail/md_motor_ticks_and_velo__type_support.c.o[0m
[ 69%] [32m[1mLinking CXX shared library libmd_interfaces__rosidl_typesupport_c.so[0m
[ 70%] [32m[1mLinking C shared library libmd_interfaces__rosidl_typesupport_introspection_c.so[0m
[ 70%] Built target md_interfaces__rosidl_typesupport_c
[ 70%] Built target md_interfaces__rosidl_typesupport_introspection_c
[35m[1mScanning dependencies of target md_interfaces__rosidl_typesupport_fastrtps_c[0m
[ 72%] [32mBuilding CXX object CMakeFiles/md_interfaces__rosidl_typesupport_fastrtps_c.dir/rosidl_typesupport_fastrtps_c/md_interfaces/msg/detail/pos_vel_timestamped__type_support_c.cpp.o[0m
[ 73%] [32mBuilding CXX object CMakeFiles/md_interfaces__rosidl_typesupport_fastrtps_c.dir/rosidl_typesupport_fastrtps_c/md_interfaces/msg/detail/md_robot_msg1__type_support_c.cpp.o[0m
[ 74%] [32mBuilding CXX object CMakeFiles/md_interfaces__rosidl_typesupport_fastrtps_c.dir/rosidl_typesupport_fastrtps_c/md_interfaces/msg/detail/pose__type_support_c.cpp.o[0m
[ 75%] [32mBuilding CXX object CMakeFiles/md_interfaces__rosidl_typesupport_fastrtps_c.dir/rosidl_typesupport_fastrtps_c/md_interfaces/msg/detail/md_robot_msg2__type_support_c.cpp.o[0m
[ 77%] [32mBuilding CXX object CMakeFiles/md_interfaces__rosidl_typesupport_fastrtps_c.dir/rosidl_typesupport_fastrtps_c/md_interfaces/msg/detail/md_robot_slow_start_stop__type_support_c.cpp.o[0m
[ 78%] [32mBuilding CXX object CMakeFiles/md_interfaces__rosidl_typesupport_fastrtps_c.dir/rosidl_typesupport_fastrtps_c/md_interfaces/msg/detail/md_robot_user_param__type_support_c.cpp.o[0m
[ 79%] [32mBuilding CXX object CMakeFiles/md_interfaces__rosidl_typesupport_fastrtps_c.dir/rosidl_typesupport_fastrtps_c/md_interfaces/msg/detail/md_motor_ticks_and_velo__type_support_c.cpp.o[0m
[ 81%] [32m[1mLinking CXX shared library libmd_interfaces__rosidl_typesupport_fastrtps_c.so[0m
[ 81%] Built target md_interfaces__rosidl_typesupport_fastrtps_c
[35m[1mScanning dependencies of target md_interfaces[0m
[ 81%] Built target md_interfaces
[35m[1mScanning dependencies of target md_interfaces__py[0m
[ 82%] [34m[1mGenerating Python code for ROS interfaces[0m
[ 82%] Built target md_interfaces__py
[35m[1mScanning dependencies of target md_interfaces__python[0m
[ 83%] [32mBuilding C object CMakeFiles/md_interfaces__python.dir/rosidl_generator_py/md_interfaces/msg/_pose_s.c.o[0m
[ 84%] [32mBuilding C object CMakeFiles/md_interfaces__python.dir/rosidl_generator_py/md_interfaces/msg/_md_robot_msg2_s.c.o[0m
[ 86%] [32mBuilding C object CMakeFiles/md_interfaces__python.dir/rosidl_generator_py/md_interfaces/msg/_md_robot_msg1_s.c.o[0m
[ 87%] [32mBuilding C object CMakeFiles/md_interfaces__python.dir/rosidl_generator_py/md_interfaces/msg/_pos_vel_timestamped_s.c.o[0m
[ 88%] [32mBuilding C object CMakeFiles/md_interfaces__python.dir/rosidl_generator_py/md_interfaces/msg/_md_robot_slow_start_stop_s.c.o[0m
[ 89%] [32mBuilding C object CMakeFiles/md_interfaces__python.dir/rosidl_generator_py/md_interfaces/msg/_md_robot_user_param_s.c.o[0m
[ 91%] [32mBuilding C object CMakeFiles/md_interfaces__python.dir/rosidl_generator_py/md_interfaces/msg/_md_motor_ticks_and_velo_s.c.o[0m
[ 92%] [32m[1mLinking C shared library rosidl_generator_py/md_interfaces/libmd_interfaces__python.so[0m
[ 92%] Built target md_interfaces__python
[35m[1mScanning dependencies of target md_interfaces__rosidl_typesupport_introspection_c__pyext[0m
[35m[1mScanning dependencies of target md_interfaces__rosidl_typesupport_c__pyext[0m
[35m[1mScanning dependencies of target md_interfaces__rosidl_typesupport_fastrtps_c__pyext[0m
[ 93%] [32mBuilding C object CMakeFiles/md_interfaces__rosidl_typesupport_introspection_c__pyext.dir/rosidl_generator_py/md_interfaces/_md_interfaces_s.ep.rosidl_typesupport_introspection_c.c.o[0m
[ 94%] [32mBuilding C object CMakeFiles/md_interfaces__rosidl_typesupport_fastrtps_c__pyext.dir/rosidl_generator_py/md_interfaces/_md_interfaces_s.ep.rosidl_typesupport_fastrtps_c.c.o[0m
[ 96%] [32mBuilding C object CMakeFiles/md_interfaces__rosidl_typesupport_c__pyext.dir/rosidl_generator_py/md_interfaces/_md_interfaces_s.ep.rosidl_typesupport_c.c.o[0m
[ 97%] [32m[1mLinking C shared library rosidl_generator_py/md_interfaces/md_interfaces_s__rosidl_typesupport_introspection_c.cpython-38-aarch64-linux-gnu.so[0m
[ 98%] [32m[1mLinking CXX shared library rosidl_generator_py/md_interfaces/md_interfaces_s__rosidl_typesupport_fastrtps_c.cpython-38-aarch64-linux-gnu.so[0m
[ 98%] Built target md_interfaces__rosidl_typesupport_introspection_c__pyext
[100%] [32m[1mLinking C shared library rosidl_generator_py/md_interfaces/md_interfaces_s__rosidl_typesupport_c.cpython-38-aarch64-linux-gnu.so[0m
[100%] Built target md_interfaces__rosidl_typesupport_c__pyext
[100%] Built target md_interfaces__rosidl_typesupport_fastrtps_c__pyext
-- Install configuration: ""
-- Installing: /home/dentium/Desktop/work/Projects/TFRobot/install/md_interfaces/share/ament_index/resource_index/rosidl_interfaces/md_interfaces
-- Installing: /home/dentium/Desktop/work/Projects/TFRobot/install/md_interfaces/include/md_interfaces
-- Installing: /home/dentium/Desktop/work/Projects/TFRobot/install/md_interfaces/include/md_interfaces/msg
-- Installing: /home/dentium/Desktop/work/Projects/TFRobot/install/md_interfaces/include/md_interfaces/msg/detail
-- Installing: /home/dentium/Desktop/work/Projects/TFRobot/install/md_interfaces/include/md_interfaces/msg/detail/md_robot_slow_start_stop__struct.h
-- Installing: /home/dentium/Desktop/work/Projects/TFRobot/install/md_interfaces/include/md_interfaces/msg/detail/md_motor_ticks_and_velo__struct.h
-- Installing: /home/dentium/Desktop/work/Projects/TFRobot/install/md_interfaces/include/md_interfaces/msg/detail/md_robot_user_param__functions.h
-- Installing: /home/dentium/Desktop/work/Projects/TFRobot/install/md_interfaces/include/md_interfaces/msg/detail/pose__struct.h
-- Installing: /home/dentium/Desktop/work/Projects/TFRobot/install/md_interfaces/include/md_interfaces/msg/detail/md_robot_user_param__functions.c
-- Installing: /home/dentium/Desktop/work/Projects/TFRobot/install/md_interfaces/include/md_interfaces/msg/detail/md_robot_user_param__struct.h
-- Installing: /home/dentium/Desktop/work/Projects/TFRobot/install/md_interfaces/include/md_interfaces/msg/detail/pose__functions.c
-- Installing: /home/dentium/Desktop/work/Projects/TFRobot/install/md_interfaces/include/md_interfaces/msg/detail/pos_vel_timestamped__functions.h
-- Installing: /home/dentium/Desktop/work/Projects/TFRobot/install/md_interfaces/include/md_interfaces/msg/detail/md_robot_msg2__struct.h
-- Installing: /home/dentium/Desktop/work/Projects/TFRobot/install/md_interfaces/include/md_interfaces/msg/detail/md_robot_msg1__functions.c
-- Installing: /home/dentium/Desktop/work/Projects/TFRobot/install/md_interfaces/include/md_interfaces/msg/detail/pos_vel_timestamped__functions.c
-- Installing: /home/dentium/Desktop/work/Projects/TFRobot/install/md_interfaces/include/md_interfaces/msg/detail/md_robot_slow_start_stop__type_support.h
-- Installing: /home/dentium/Desktop/work/Projects/TFRobot/install/md_interfaces/include/md_interfaces/msg/detail/md_robot_slow_start_stop__functions.c
-- Installing: /home/dentium/Desktop/work/Projects/TFRobot/install/md_interfaces/include/md_interfaces/msg/detail/md_robot_msg2__functions.h
-- Installing: /home/dentium/Desktop/work/Projects/TFRobot/install/md_interfaces/include/md_interfaces/msg/detail/md_robot_slow_start_stop__functions.h
-- Installing: /home/dentium/Desktop/work/Projects/TFRobot/install/md_interfaces/include/md_interfaces/msg/detail/md_robot_msg1__functions.h
-- Installing: /home/dentium/Desktop/work/Projects/TFRobot/install/md_interfaces/include/md_interfaces/msg/detail/pose__functions.h
-- Installing: /home/dentium/Desktop/work/Projects/TFRobot/install/md_interfaces/include/md_interfaces/msg/detail/pos_vel_timestamped__type_support.h
-- Installing: /home/dentium/Desktop/work/Projects/TFRobot/install/md_interfaces/include/md_interfaces/msg/detail/pose__type_support.h
-- Installing: /home/dentium/Desktop/work/Projects/TFRobot/install/md_interfaces/include/md_interfaces/msg/detail/md_robot_msg2__type_support.h
-- Installing: /home/dentium/Desktop/work/Projects/TFRobot/install/md_interfaces/include/md_interfaces/msg/detail/md_robot_msg2__functions.c
-- Installing: /home/dentium/Desktop/work/Projects/TFRobot/install/md_interfaces/include/md_interfaces/msg/detail/md_motor_ticks_and_velo__type_support.h
-- Installing: /home/dentium/Desktop/work/Projects/TFRobot/install/md_interfaces/include/md_interfaces/msg/detail/md_motor_ticks_and_velo__functions.h
-- Installing: /home/dentium/Desktop/work/Projects/TFRobot/install/md_interfaces/include/md_interfaces/msg/detail/md_motor_ticks_and_velo__functions.c
-- Installing: /home/dentium/Desktop/work/Projects/TFRobot/install/md_interfaces/include/md_interfaces/msg/detail/md_robot_user_param__type_support.h
-- Installing: /home/dentium/Desktop/work/Projects/TFRobot/install/md_interfaces/include/md_interfaces/msg/detail/md_robot_msg1__type_support.h
-- Installing: /home/dentium/Desktop/work/Projects/TFRobot/install/md_interfaces/include/md_interfaces/msg/detail/md_robot_msg1__struct.h
-- Installing: /home/dentium/Desktop/work/Projects/TFRobot/install/md_interfaces/include/md_interfaces/msg/detail/pos_vel_timestamped__struct.h
-- Installing: /home/dentium/Desktop/work/Projects/TFRobot/install/md_interfaces/include/md_interfaces/msg/pos_vel_timestamped.h
-- Installing: /home/dentium/Desktop/work/Projects/TFRobot/install/md_interfaces/include/md_interfaces/msg/md_motor_ticks_and_velo.h
-- Installing: /home/dentium/Desktop/work/Projects/TFRobot/install/md_interfaces/include/md_interfaces/msg/md_robot_msg2.h
-- Installing: /home/dentium/Desktop/work/Projects/TFRobot/install/md_interfaces/include/md_interfaces/msg/rosidl_generator_c__visibility_control.h
-- Installing: /home/dentium/Desktop/work/Projects/TFRobot/install/md_interfaces/include/md_interfaces/msg/md_robot_msg1.h
-- Installing: /home/dentium/Desktop/work/Projects/TFRobot/install/md_interfaces/include/md_interfaces/msg/md_robot_user_param.h
-- Installing: /home/dentium/Desktop/work/Projects/TFRobot/install/md_interfaces/include/md_interfaces/msg/pose.h
-- Installing: /home/dentium/Desktop/work/Projects/TFRobot/install/md_interfaces/include/md_interfaces/msg/md_robot_slow_start_stop.h
-- Installing: /home/dentium/Desktop/work/Projects/TFRobot/install/md_interfaces/share/md_interfaces/environment/library_path.sh
-- Installing: /home/dentium/Desktop/work/Projects/TFRobot/install/md_interfaces/share/md_interfaces/environment/library_path.dsv
-- Installing: /home/dentium/Desktop/work/Projects/TFRobot/install/md_interfaces/lib/libmd_interfaces__rosidl_generator_c.so
-- Set runtime path of "/home/dentium/Desktop/work/Projects/TFRobot/install/md_interfaces/lib/libmd_interfaces__rosidl_generator_c.so" to ""
-- Up-to-date: /home/dentium/Desktop/work/Projects/TFRobot/install/md_interfaces/include/md_interfaces
-- Up-to-date: /home/dentium/Desktop/work/Projects/TFRobot/install/md_interfaces/include/md_interfaces/msg
-- Up-to-date: /home/dentium/Desktop/work/Projects/TFRobot/install/md_interfaces/include/md_interfaces/msg/detail
-- Installing: /home/dentium/Desktop/work/Projects/TFRobot/install/md_interfaces/include/md_interfaces/msg/detail/md_robot_slow_start_stop__rosidl_typesupport_fastrtps_c.h
-- Installing: /home/dentium/Desktop/work/Projects/TFRobot/install/md_interfaces/include/md_interfaces/msg/detail/md_robot_msg2__rosidl_typesupport_fastrtps_c.h
-- Installing: /home/dentium/Desktop/work/Projects/TFRobot/install/md_interfaces/include/md_interfaces/msg/detail/pose__rosidl_typesupport_fastrtps_c.h
-- Installing: /home/dentium/Desktop/work/Projects/TFRobot/install/md_interfaces/include/md_interfaces/msg/detail/pos_vel_timestamped__rosidl_typesupport_fastrtps_c.h
-- Installing: /home/dentium/Desktop/work/Projects/TFRobot/install/md_interfaces/include/md_interfaces/msg/detail/md_robot_user_param__rosidl_typesupport_fastrtps_c.h
-- Installing: /home/dentium/Desktop/work/Projects/TFRobot/install/md_interfaces/include/md_interfaces/msg/detail/md_robot_msg1__rosidl_typesupport_fastrtps_c.h
-- Installing: /home/dentium/Desktop/work/Projects/TFRobot/install/md_interfaces/include/md_interfaces/msg/detail/md_motor_ticks_and_velo__rosidl_typesupport_fastrtps_c.h
-- Installing: /home/dentium/Desktop/work/Projects/TFRobot/install/md_interfaces/include/md_interfaces/msg/rosidl_typesupport_fastrtps_c__visibility_control.h
-- Installing: /home/dentium/Desktop/work/Projects/TFRobot/install/md_interfaces/lib/libmd_interfaces__rosidl_typesupport_fastrtps_c.so
-- Set runtime path of "/home/dentium/Desktop/work/Projects/TFRobot/install/md_interfaces/lib/libmd_interfaces__rosidl_typesupport_fastrtps_c.so" to ""
-- Up-to-date: /home/dentium/Desktop/work/Projects/TFRobot/install/md_interfaces/include/md_interfaces
-- Up-to-date: /home/dentium/Desktop/work/Projects/TFRobot/install/md_interfaces/include/md_interfaces/msg
-- Up-to-date: /home/dentium/Desktop/work/Projects/TFRobot/install/md_interfaces/include/md_interfaces/msg/detail
-- Installing: /home/dentium/Desktop/work/Projects/TFRobot/install/md_interfaces/include/md_interfaces/msg/detail/pose__rosidl_typesupport_fastrtps_cpp.hpp
-- Installing: /home/dentium/Desktop/work/Projects/TFRobot/install/md_interfaces/include/md_interfaces/msg/detail/pos_vel_timestamped__rosidl_typesupport_fastrtps_cpp.hpp
-- Installing: /home/dentium/Desktop/work/Projects/TFRobot/install/md_interfaces/include/md_interfaces/msg/detail/md_robot_slow_start_stop__rosidl_typesupport_fastrtps_cpp.hpp
-- Installing: /home/dentium/Desktop/work/Projects/TFRobot/install/md_interfaces/include/md_interfaces/msg/detail/md_robot_msg1__rosidl_typesupport_fastrtps_cpp.hpp
-- Installing: /home/dentium/Desktop/work/Projects/TFRobot/install/md_interfaces/include/md_interfaces/msg/detail/md_motor_ticks_and_velo__rosidl_typesupport_fastrtps_cpp.hpp
-- Installing: /home/dentium/Desktop/work/Projects/TFRobot/install/md_interfaces/include/md_interfaces/msg/detail/md_robot_user_param__rosidl_typesupport_fastrtps_cpp.hpp
-- Installing: /home/dentium/Desktop/work/Projects/TFRobot/install/md_interfaces/include/md_interfaces/msg/detail/dds_fastrtps
-- Installing: /home/dentium/Desktop/work/Projects/TFRobot/install/md_interfaces/include/md_interfaces/msg/detail/md_robot_msg2__rosidl_typesupport_fastrtps_cpp.hpp
-- Installing: /home/dentium/Desktop/work/Projects/TFRobot/install/md_interfaces/include/md_interfaces/msg/rosidl_typesupport_fastrtps_cpp__visibility_control.h
-- Installing: /home/dentium/Desktop/work/Projects/TFRobot/install/md_interfaces/lib/libmd_interfaces__rosidl_typesupport_fastrtps_cpp.so
-- Set runtime path of "/home/dentium/Desktop/work/Projects/TFRobot/install/md_interfaces/lib/libmd_interfaces__rosidl_typesupport_fastrtps_cpp.so" to ""
-- Up-to-date: /home/dentium/Desktop/work/Projects/TFRobot/install/md_interfaces/include/md_interfaces
-- Up-to-date: /home/dentium/Desktop/work/Projects/TFRobot/install/md_interfaces/include/md_interfaces/msg
-- Up-to-date: /home/dentium/Desktop/work/Projects/TFRobot/install/md_interfaces/include/md_interfaces/msg/detail
-- Installing: /home/dentium/Desktop/work/Projects/TFRobot/install/md_interfaces/include/md_interfaces/msg/detail/md_robot_user_param__rosidl_typesupport_introspection_c.h
-- Installing: /home/dentium/Desktop/work/Projects/TFRobot/install/md_interfaces/include/md_interfaces/msg/detail/md_robot_msg2__type_support.c
-- Installing: /home/dentium/Desktop/work/Projects/TFRobot/install/md_interfaces/include/md_interfaces/msg/detail/md_robot_msg1__type_support.c
-- Installing: /home/dentium/Desktop/work/Projects/TFRobot/install/md_interfaces/include/md_interfaces/msg/detail/md_robot_slow_start_stop__type_support.c
-- Installing: /home/dentium/Desktop/work/Projects/TFRobot/install/md_interfaces/include/md_interfaces/msg/detail/md_robot_user_param__type_support.c
-- Installing: /home/dentium/Desktop/work/Projects/TFRobot/install/md_interfaces/include/md_interfaces/msg/detail/md_motor_ticks_and_velo__type_support.c
-- Installing: /home/dentium/Desktop/work/Projects/TFRobot/install/md_interfaces/include/md_interfaces/msg/detail/pos_vel_timestamped__rosidl_typesupport_introspection_c.h
-- Installing: /home/dentium/Desktop/work/Projects/TFRobot/install/md_interfaces/include/md_interfaces/msg/detail/md_robot_msg1__rosidl_typesupport_introspection_c.h
-- Installing: /home/dentium/Desktop/work/Projects/TFRobot/install/md_interfaces/include/md_interfaces/msg/detail/md_robot_slow_start_stop__rosidl_typesupport_introspection_c.h
-- Installing: /home/dentium/Desktop/work/Projects/TFRobot/install/md_interfaces/include/md_interfaces/msg/detail/pose__rosidl_typesupport_introspection_c.h
-- Installing: /home/dentium/Desktop/work/Projects/TFRobot/install/md_interfaces/include/md_interfaces/msg/detail/md_robot_msg2__rosidl_typesupport_introspection_c.h
-- Installing: /home/dentium/Desktop/work/Projects/TFRobot/install/md_interfaces/include/md_interfaces/msg/detail/pos_vel_timestamped__type_support.c
-- Installing: /home/dentium/Desktop/work/Projects/TFRobot/install/md_interfaces/include/md_interfaces/msg/detail/md_motor_ticks_and_velo__rosidl_typesupport_introspection_c.h
-- Installing: /home/dentium/Desktop/work/Projects/TFRobot/install/md_interfaces/include/md_interfaces/msg/detail/pose__type_support.c
-- Installing: /home/dentium/Desktop/work/Projects/TFRobot/install/md_interfaces/include/md_interfaces/msg/rosidl_typesupport_introspection_c__visibility_control.h
-- Installing: /home/dentium/Desktop/work/Projects/TFRobot/install/md_interfaces/lib/libmd_interfaces__rosidl_typesupport_introspection_c.so
-- Set runtime path of "/home/dentium/Desktop/work/Projects/TFRobot/install/md_interfaces/lib/libmd_interfaces__rosidl_typesupport_introspection_c.so" to ""
-- Installing: /home/dentium/Desktop/work/Projects/TFRobot/install/md_interfaces/lib/libmd_interfaces__rosidl_typesupport_c.so
-- Set runtime path of "/home/dentium/Desktop/work/Projects/TFRobot/install/md_interfaces/lib/libmd_interfaces__rosidl_typesupport_c.so" to ""
-- Up-to-date: /home/dentium/Desktop/work/Projects/TFRobot/install/md_interfaces/include/md_interfaces
-- Up-to-date: /home/dentium/Desktop/work/Projects/TFRobot/install/md_interfaces/include/md_interfaces/msg
-- Up-to-date: /home/dentium/Desktop/work/Projects/TFRobot/install/md_interfaces/include/md_interfaces/msg/detail
-- Installing: /home/dentium/Desktop/work/Projects/TFRobot/install/md_interfaces/include/md_interfaces/msg/detail/md_robot_msg2__struct.hpp
-- Installing: /home/dentium/Desktop/work/Projects/TFRobot/install/md_interfaces/include/md_interfaces/msg/detail/md_motor_ticks_and_velo__builder.hpp
-- Installing: /home/dentium/Desktop/work/Projects/TFRobot/install/md_interfaces/include/md_interfaces/msg/detail/md_motor_ticks_and_velo__struct.hpp
-- Installing: /home/dentium/Desktop/work/Projects/TFRobot/install/md_interfaces/include/md_interfaces/msg/detail/md_robot_msg2__traits.hpp
-- Installing: /home/dentium/Desktop/work/Projects/TFRobot/install/md_interfaces/include/md_interfaces/msg/detail/md_robot_slow_start_stop__builder.hpp
-- Installing: /home/dentium/Desktop/work/Projects/TFRobot/install/md_interfaces/include/md_interfaces/msg/detail/md_robot_slow_start_stop__traits.hpp
-- Installing: /home/dentium/Desktop/work/Projects/TFRobot/install/md_interfaces/include/md_interfaces/msg/detail/md_robot_msg1__struct.hpp
-- Installing: /home/dentium/Desktop/work/Projects/TFRobot/install/md_interfaces/include/md_interfaces/msg/detail/pose__builder.hpp
-- Installing: /home/dentium/Desktop/work/Projects/TFRobot/install/md_interfaces/include/md_interfaces/msg/detail/pose__traits.hpp
-- Installing: /home/dentium/Desktop/work/Projects/TFRobot/install/md_interfaces/include/md_interfaces/msg/detail/pos_vel_timestamped__struct.hpp
-- Installing: /home/dentium/Desktop/work/Projects/TFRobot/install/md_interfaces/include/md_interfaces/msg/detail/md_robot_user_param__type_support.hpp
-- Installing: /home/dentium/Desktop/work/Projects/TFRobot/install/md_interfaces/include/md_interfaces/msg/detail/md_motor_ticks_and_velo__type_support.hpp
-- Installing: /home/dentium/Desktop/work/Projects/TFRobot/install/md_interfaces/include/md_interfaces/msg/detail/pos_vel_timestamped__traits.hpp
-- Installing: /home/dentium/Desktop/work/Projects/TFRobot/install/md_interfaces/include/md_interfaces/msg/detail/pose__type_support.hpp
-- Installing: /home/dentium/Desktop/work/Projects/TFRobot/install/md_interfaces/include/md_interfaces/msg/detail/md_robot_msg1__traits.hpp
-- Installing: /home/dentium/Desktop/work/Projects/TFRobot/install/md_interfaces/include/md_interfaces/msg/detail/pose__struct.hpp
-- Installing: /home/dentium/Desktop/work/Projects/TFRobot/install/md_interfaces/include/md_interfaces/msg/detail/md_robot_user_param__builder.hpp
-- Installing: /home/dentium/Desktop/work/Projects/TFRobot/install/md_interfaces/include/md_interfaces/msg/detail/pos_vel_timestamped__builder.hpp
-- Installing: /home/dentium/Desktop/work/Projects/TFRobot/install/md_interfaces/include/md_interfaces/msg/detail/md_robot_msg2__builder.hpp
-- Installing: /home/dentium/Desktop/work/Projects/TFRobot/install/md_interfaces/include/md_interfaces/msg/detail/md_robot_user_param__struct.hpp
-- Installing: /home/dentium/Desktop/work/Projects/TFRobot/install/md_interfaces/include/md_interfaces/msg/detail/pos_vel_timestamped__type_support.hpp
-- Installing: /home/dentium/Desktop/work/Projects/TFRobot/install/md_interfaces/include/md_interfaces/msg/detail/md_motor_ticks_and_velo__traits.hpp
-- Installing: /home/dentium/Desktop/work/Projects/TFRobot/install/md_interfaces/include/md_interfaces/msg/detail/md_robot_msg1__builder.hpp
-- Installing: /home/dentium/Desktop/work/Projects/TFRobot/install/md_interfaces/include/md_interfaces/msg/detail/md_robot_msg1__type_support.hpp
-- Installing: /home/dentium/Desktop/work/Projects/TFRobot/install/md_interfaces/include/md_interfaces/msg/detail/md_robot_user_param__traits.hpp
-- Installing: /home/dentium/Desktop/work/Projects/TFRobot/install/md_interfaces/include/md_interfaces/msg/detail/md_robot_msg2__type_support.hpp
-- Installing: /home/dentium/Desktop/work/Projects/TFRobot/install/md_interfaces/include/md_interfaces/msg/detail/md_robot_slow_start_stop__type_support.hpp
-- Installing: /home/dentium/Desktop/work/Projects/TFRobot/install/md_interfaces/include/md_interfaces/msg/detail/md_robot_slow_start_stop__struct.hpp
-- Installing: /home/dentium/Desktop/work/Projects/TFRobot/install/md_interfaces/include/md_interfaces/msg/md_robot_msg1.hpp
-- Installing: /home/dentium/Desktop/work/Projects/TFRobot/install/md_interfaces/include/md_interfaces/msg/md_robot_user_param.hpp
-- Installing: /home/dentium/Desktop/work/Projects/TFRobot/install/md_interfaces/include/md_interfaces/msg/md_motor_ticks_and_velo.hpp
-- Installing: /home/dentium/Desktop/work/Projects/TFRobot/install/md_interfaces/include/md_interfaces/msg/pose.hpp
-- Installing: /home/dentium/Desktop/work/Projects/TFRobot/install/md_interfaces/include/md_interfaces/msg/md_robot_slow_start_stop.hpp
-- Installing: /home/dentium/Desktop/work/Projects/TFRobot/install/md_interfaces/include/md_interfaces/msg/md_robot_msg2.hpp
-- Installing: /home/dentium/Desktop/work/Projects/TFRobot/install/md_interfaces/include/md_interfaces/msg/pos_vel_timestamped.hpp
-- Installing: /home/dentium/Desktop/work/Projects/TFRobot/install/md_interfaces/include/md_interfaces/msg/rosidl_generator_cpp__visibility_control.hpp
-- Up-to-date: /home/dentium/Desktop/work/Projects/TFRobot/install/md_interfaces/include/md_interfaces
-- Up-to-date: /home/dentium/Desktop/work/Projects/TFRobot/install/md_interfaces/include/md_interfaces/msg
-- Up-to-date: /home/dentium/Desktop/work/Projects/TFRobot/install/md_interfaces/include/md_interfaces/msg/detail
-- Installing: /home/dentium/Desktop/work/Projects/TFRobot/install/md_interfaces/include/md_interfaces/msg/detail/pose__rosidl_typesupport_introspection_cpp.hpp
-- Installing: /home/dentium/Desktop/work/Projects/TFRobot/install/md_interfaces/include/md_interfaces/msg/detail/md_robot_msg2__type_support.cpp
-- Installing: /home/dentium/Desktop/work/Projects/TFRobot/install/md_interfaces/include/md_interfaces/msg/detail/md_robot_user_param__rosidl_typesupport_introspection_cpp.hpp
-- Installing: /home/dentium/Desktop/work/Projects/TFRobot/install/md_interfaces/include/md_interfaces/msg/detail/pose__type_support.cpp
-- Installing: /home/dentium/Desktop/work/Projects/TFRobot/install/md_interfaces/include/md_interfaces/msg/detail/md_robot_slow_start_stop__type_support.cpp
-- Installing: /home/dentium/Desktop/work/Projects/TFRobot/install/md_interfaces/include/md_interfaces/msg/detail/pos_vel_timestamped__type_support.cpp
-- Installing: /home/dentium/Desktop/work/Projects/TFRobot/install/md_interfaces/include/md_interfaces/msg/detail/md_robot_user_param__type_support.cpp
-- Installing: /home/dentium/Desktop/work/Projects/TFRobot/install/md_interfaces/include/md_interfaces/msg/detail/md_motor_ticks_and_velo__rosidl_typesupport_introspection_cpp.hpp
-- Installing: /home/dentium/Desktop/work/Projects/TFRobot/install/md_interfaces/include/md_interfaces/msg/detail/md_robot_msg1__rosidl_typesupport_introspection_cpp.hpp
-- Installing: /home/dentium/Desktop/work/Projects/TFRobot/install/md_interfaces/include/md_interfaces/msg/detail/pos_vel_timestamped__rosidl_typesupport_introspection_cpp.hpp
-- Installing: /home/dentium/Desktop/work/Projects/TFRobot/install/md_interfaces/include/md_interfaces/msg/detail/md_motor_ticks_and_velo__type_support.cpp
-- Installing: /home/dentium/Desktop/work/Projects/TFRobot/install/md_interfaces/include/md_interfaces/msg/detail/md_robot_msg1__type_support.cpp
-- Installing: /home/dentium/Desktop/work/Projects/TFRobot/install/md_interfaces/include/md_interfaces/msg/detail/md_robot_slow_start_stop__rosidl_typesupport_introspection_cpp.hpp
-- Installing: /home/dentium/Desktop/work/Projects/TFRobot/install/md_interfaces/include/md_interfaces/msg/detail/md_robot_msg2__rosidl_typesupport_introspection_cpp.hpp
-- Installing: /home/dentium/Desktop/work/Projects/TFRobot/install/md_interfaces/lib/libmd_interfaces__rosidl_typesupport_introspection_cpp.so
-- Set runtime path of "/home/dentium/Desktop/work/Projects/TFRobot/install/md_interfaces/lib/libmd_interfaces__rosidl_typesupport_introspection_cpp.so" to ""
-- Installing: /home/dentium/Desktop/work/Projects/TFRobot/install/md_interfaces/lib/libmd_interfaces__rosidl_typesupport_cpp.so
-- Set runtime path of "/home/dentium/Desktop/work/Projects/TFRobot/install/md_interfaces/lib/libmd_interfaces__rosidl_typesupport_cpp.so" to ""
-- Installing: /home/dentium/Desktop/work/Projects/TFRobot/install/md_interfaces/share/md_interfaces/environment/pythonpath.sh
-- Installing: /home/dentium/Desktop/work/Projects/TFRobot/install/md_interfaces/share/md_interfaces/environment/pythonpath.dsv
-- Installing: /home/dentium/Desktop/work/Projects/TFRobot/install/md_interfaces/lib/python3.8/site-packages/md_interfaces/__init__.py
Compiling '/home/dentium/Desktop/work/Projects/TFRobot/install/md_interfaces/lib/python3.8/site-packages/md_interfaces/__init__.py'...
-- Installing: /home/dentium/Desktop/work/Projects/TFRobot/install/md_interfaces/lib/python3.8/site-packages/md_interfaces/msg
-- Installing: /home/dentium/Desktop/work/Projects/TFRobot/install/md_interfaces/lib/python3.8/site-packages/md_interfaces/msg/_md_robot_user_param_s.c
-- Installing: /home/dentium/Desktop/work/Projects/TFRobot/install/md_interfaces/lib/python3.8/site-packages/md_interfaces/msg/_pos_vel_timestamped_s.c
-- Installing: /home/dentium/Desktop/work/Projects/TFRobot/install/md_interfaces/lib/python3.8/site-packages/md_interfaces/msg/_md_robot_msg2_s.c
-- Installing: /home/dentium/Desktop/work/Projects/TFRobot/install/md_interfaces/lib/python3.8/site-packages/md_interfaces/msg/_md_robot_msg1.py
-- Installing: /home/dentium/Desktop/work/Projects/TFRobot/install/md_interfaces/lib/python3.8/site-packages/md_interfaces/msg/_md_robot_msg2.py
-- Installing: /home/dentium/Desktop/work/Projects/TFRobot/install/md_interfaces/lib/python3.8/site-packages/md_interfaces/msg/_md_robot_msg1_s.c
-- Installing: /home/dentium/Desktop/work/Projects/TFRobot/install/md_interfaces/lib/python3.8/site-packages/md_interfaces/msg/__init__.py
-- Installing: /home/dentium/Desktop/work/Projects/TFRobot/install/md_interfaces/lib/python3.8/site-packages/md_interfaces/msg/_pos_vel_timestamped.py
-- Installing: /home/dentium/Desktop/work/Projects/TFRobot/install/md_interfaces/lib/python3.8/site-packages/md_interfaces/msg/_md_motor_ticks_and_velo.py
-- Installing: /home/dentium/Desktop/work/Projects/TFRobot/install/md_interfaces/lib/python3.8/site-packages/md_interfaces/msg/_pose_s.c
-- Installing: /home/dentium/Desktop/work/Projects/TFRobot/install/md_interfaces/lib/python3.8/site-packages/md_interfaces/msg/_md_robot_slow_start_stop_s.c
-- Installing: /home/dentium/Desktop/work/Projects/TFRobot/install/md_interfaces/lib/python3.8/site-packages/md_interfaces/msg/_md_robot_slow_start_stop.py
-- Installing: /home/dentium/Desktop/work/Projects/TFRobot/install/md_interfaces/lib/python3.8/site-packages/md_interfaces/msg/_md_motor_ticks_and_velo_s.c
-- Installing: /home/dentium/Desktop/work/Projects/TFRobot/install/md_interfaces/lib/python3.8/site-packages/md_interfaces/msg/_pose.py
-- Installing: /home/dentium/Desktop/work/Projects/TFRobot/install/md_interfaces/lib/python3.8/site-packages/md_interfaces/msg/_md_robot_user_param.py
-- Installing: /home/dentium/Desktop/work/Projects/TFRobot/install/md_interfaces/lib/python3.8/site-packages/md_interfaces/md_interfaces_s__rosidl_typesupport_fastrtps_c.cpython-38-aarch64-linux-gnu.so
-- Set runtime path of "/home/dentium/Desktop/work/Projects/TFRobot/install/md_interfaces/lib/python3.8/site-packages/md_interfaces/md_interfaces_s__rosidl_typesupport_fastrtps_c.cpython-38-aarch64-linux-gnu.so" to ""
-- Installing: /home/dentium/Desktop/work/Projects/TFRobot/install/md_interfaces/lib/python3.8/site-packages/md_interfaces/md_interfaces_s__rosidl_typesupport_introspection_c.cpython-38-aarch64-linux-gnu.so
-- Set runtime path of "/home/dentium/Desktop/work/Projects/TFRobot/install/md_interfaces/lib/python3.8/site-packages/md_interfaces/md_interfaces_s__rosidl_typesupport_introspection_c.cpython-38-aarch64-linux-gnu.so" to ""
-- Installing: /home/dentium/Desktop/work/Projects/TFRobot/install/md_interfaces/lib/python3.8/site-packages/md_interfaces/md_interfaces_s__rosidl_typesupport_c.cpython-38-aarch64-linux-gnu.so
-- Set runtime path of "/home/dentium/Desktop/work/Projects/TFRobot/install/md_interfaces/lib/python3.8/site-packages/md_interfaces/md_interfaces_s__rosidl_typesupport_c.cpython-38-aarch64-linux-gnu.so" to ""
-- Installing: /home/dentium/Desktop/work/Projects/TFRobot/install/md_interfaces/lib/libmd_interfaces__python.so
-- Set runtime path of "/home/dentium/Desktop/work/Projects/TFRobot/install/md_interfaces/lib/libmd_interfaces__python.so" to ""
-- Installing: /home/dentium/Desktop/work/Projects/TFRobot/install/md_interfaces/share/md_interfaces/msg/Pose.idl
-- Installing: /home/dentium/Desktop/work/Projects/TFRobot/install/md_interfaces/share/md_interfaces/msg/MdRobotMsg1.idl
-- Installing: /home/dentium/Desktop/work/Projects/TFRobot/install/md_interfaces/share/md_interfaces/msg/MdRobotMsg2.idl
-- Installing: /home/dentium/Desktop/work/Projects/TFRobot/install/md_interfaces/share/md_interfaces/msg/PosVelTimestamped.idl
-- Installing: /home/dentium/Desktop/work/Projects/TFRobot/install/md_interfaces/share/md_interfaces/msg/MdRobotSlowStartStop.idl
-- Installing: /home/dentium/Desktop/work/Projects/TFRobot/install/md_interfaces/share/md_interfaces/msg/MdRobotUserParam.idl
-- Installing: /home/dentium/Desktop/work/Projects/TFRobot/install/md_interfaces/share/md_interfaces/msg/MdMotorTicksAndVelo.idl
-- Installing: /home/dentium/Desktop/work/Projects/TFRobot/install/md_interfaces/share/md_interfaces/msg/Pose.msg
-- Installing: /home/dentium/Desktop/work/Projects/TFRobot/install/md_interfaces/share/md_interfaces/msg/MdRobotMsg1.msg
-- Installing: /home/dentium/Desktop/work/Projects/TFRobot/install/md_interfaces/share/md_interfaces/msg/MdRobotMsg2.msg
-- Installing: /home/dentium/Desktop/work/Projects/TFRobot/install/md_interfaces/share/md_interfaces/msg/PosVelTimestamped.msg
-- Installing: /home/dentium/Desktop/work/Projects/TFRobot/install/md_interfaces/share/md_interfaces/msg/MdRobotSlowStartStop.msg
-- Installing: /home/dentium/Desktop/work/Projects/TFRobot/install/md_interfaces/share/md_interfaces/msg/MdRobotUserParam.msg
-- Installing: /home/dentium/Desktop/work/Projects/TFRobot/install/md_interfaces/share/md_interfaces/msg/MdMotorTicksAndVelo.msg
-- Installing: /home/dentium/Desktop/work/Projects/TFRobot/install/md_interfaces/share/ament_index/resource_index/package_run_dependencies/md_interfaces
-- Installing: /home/dentium/Desktop/work/Projects/TFRobot/install/md_interfaces/share/ament_index/resource_index/parent_prefix_path/md_interfaces
-- Installing: /home/dentium/Desktop/work/Projects/TFRobot/install/md_interfaces/share/md_interfaces/environment/ament_prefix_path.sh
-- Installing: /home/dentium/Desktop/work/Projects/TFRobot/install/md_interfaces/share/md_interfaces/environment/ament_prefix_path.dsv
-- Installing: /home/dentium/Desktop/work/Projects/TFRobot/install/md_interfaces/share/md_interfaces/environment/path.sh
-- Installing: /home/dentium/Desktop/work/Projects/TFRobot/install/md_interfaces/share/md_interfaces/environment/path.dsv
-- Installing: /home/dentium/Desktop/work/Projects/TFRobot/install/md_interfaces/share/md_interfaces/local_setup.bash
-- Installing: /home/dentium/Desktop/work/Projects/TFRobot/install/md_interfaces/share/md_interfaces/local_setup.sh
-- Installing: /home/dentium/Desktop/work/Projects/TFRobot/install/md_interfaces/share/md_interfaces/local_setup.zsh
-- Installing: /home/dentium/Desktop/work/Projects/TFRobot/install/md_interfaces/share/md_interfaces/local_setup.dsv
-- Installing: /home/dentium/Desktop/work/Projects/TFRobot/install/md_interfaces/share/md_interfaces/package.dsv
-- Installing: /home/dentium/Desktop/work/Projects/TFRobot/install/md_interfaces/share/ament_index/resource_index/packages/md_interfaces
-- Installing: /home/dentium/Desktop/work/Projects/TFRobot/install/md_interfaces/share/md_interfaces/cmake/md_interfaces__rosidl_generator_cExport.cmake
-- Installing: /home/dentium/Desktop/work/Projects/TFRobot/install/md_interfaces/share/md_interfaces/cmake/md_interfaces__rosidl_generator_cExport-noconfig.cmake
-- Installing: /home/dentium/Desktop/work/Projects/TFRobot/install/md_interfaces/share/md_interfaces/cmake/md_interfaces__rosidl_typesupport_introspection_cExport.cmake
-- Installing: /home/dentium/Desktop/work/Projects/TFRobot/install/md_interfaces/share/md_interfaces/cmake/md_interfaces__rosidl_typesupport_introspection_cExport-noconfig.cmake
-- Installing: /home/dentium/Desktop/work/Projects/TFRobot/install/md_interfaces/share/md_interfaces/cmake/md_interfaces__rosidl_typesupport_cExport.cmake
-- Installing: /home/dentium/Desktop/work/Projects/TFRobot/install/md_interfaces/share/md_interfaces/cmake/md_interfaces__rosidl_typesupport_cExport-noconfig.cmake
-- Installing: /home/dentium/Desktop/work/Projects/TFRobot/install/md_interfaces/share/md_interfaces/cmake/md_interfaces__rosidl_generator_cppExport.cmake
-- Installing: /home/dentium/Desktop/work/Projects/TFRobot/install/md_interfaces/share/md_interfaces/cmake/md_interfaces__rosidl_typesupport_introspection_cppExport.cmake
-- Installing: /home/dentium/Desktop/work/Projects/TFRobot/install/md_interfaces/share/md_interfaces/cmake/md_interfaces__rosidl_typesupport_introspection_cppExport-noconfig.cmake
-- Installing: /home/dentium/Desktop/work/Projects/TFRobot/install/md_interfaces/share/md_interfaces/cmake/md_interfaces__rosidl_typesupport_cppExport.cmake
-- Installing: /home/dentium/Desktop/work/Projects/TFRobot/install/md_interfaces/share/md_interfaces/cmake/md_interfaces__rosidl_typesupport_cppExport-noconfig.cmake
-- Installing: /home/dentium/Desktop/work/Projects/TFRobot/install/md_interfaces/share/md_interfaces/cmake/rosidl_cmake-extras.cmake
-- Installing: /home/dentium/Desktop/work/Projects/TFRobot/install/md_interfaces/share/md_interfaces/cmake/ament_cmake_export_dependencies-extras.cmake
-- Installing: /home/dentium/Desktop/work/Projects/TFRobot/install/md_interfaces/share/md_interfaces/cmake/ament_cmake_export_libraries-extras.cmake
-- Installing: /home/dentium/Desktop/work/Projects/TFRobot/install/md_interfaces/share/md_interfaces/cmake/ament_cmake_export_targets-extras.cmake
-- Installing: /home/dentium/Desktop/work/Projects/TFRobot/install/md_interfaces/share/md_interfaces/cmake/ament_cmake_export_include_directories-extras.cmake
-- Installing: /home/dentium/Desktop/work/Projects/TFRobot/install/md_interfaces/share/md_interfaces/cmake/rosidl_cmake_export_typesupport_libraries-extras.cmake
-- Installing: /home/dentium/Desktop/work/Projects/TFRobot/install/md_interfaces/share/md_interfaces/cmake/rosidl_cmake_export_typesupport_targets-extras.cmake
-- Installing: /home/dentium/Desktop/work/Projects/TFRobot/install/md_interfaces/share/md_interfaces/cmake/md_interfacesConfig.cmake
-- Installing: /home/dentium/Desktop/work/Projects/TFRobot/install/md_interfaces/share/md_interfaces/cmake/md_interfacesConfig-version.cmake
-- Installing: /home/dentium/Desktop/work/Projects/TFRobot/install/md_interfaces/share/md_interfaces/package.xml
