[0.749s] DEBUG:colcon:Command line arguments: ['/usr/bin/colcon', 'build']
[0.749s] DEBUG:colcon:Parsed command line arguments: Namespace(allow_overriding=[], ament_cmake_args=None, base_paths=['.'], build_base='build', catkin_cmake_args=None, catkin_skip_building_tests=False, cmake_args=None, cmake_clean_cache=False, cmake_clean_first=False, cmake_force_configure=False, cmake_target=None, cmake_target_skip_unavailable=False, continue_on_error=False, event_handlers=None, executor='parallel', ignore_user_meta=False, install_base='install', log_base=None, log_level=None, main=<bound method BuildVerb.main of <colcon_core.verb.build.BuildVerb object at 0xffff9d6aec10>>, merge_install=False, metas=['./colcon.meta'], packages_above=None, packages_above_and_dependencies=None, packages_above_depth=None, packages_end=None, packages_ignore=None, packages_ignore_regex=None, packages_select=None, packages_select_build_failed=False, packages_select_by_dep=None, packages_select_regex=None, packages_select_test_failures=False, packages_skip=None, packages_skip_build_finished=False, packages_skip_by_dep=None, packages_skip_regex=None, packages_skip_test_passed=False, packages_skip_up_to=None, packages_start=None, packages_up_to=None, packages_up_to_regex=None, parallel_workers=4, paths=None, symlink_install=False, test_result_base=None, verb_extension=<colcon_core.verb.build.BuildVerb object at 0xffff9d6aec10>, verb_name='build', verb_parser=<colcon_defaults.argument_parser.defaults.DefaultArgumentsDecorator object at 0xffff9d660640>)
[1.438s] Level 1:colcon.colcon_core.package_discovery:discover_packages(colcon_meta) check parameters
[1.438s] Level 1:colcon.colcon_core.package_discovery:discover_packages(recursive) check parameters
[1.439s] Level 1:colcon.colcon_core.package_discovery:discover_packages(ignore) check parameters
[1.439s] Level 1:colcon.colcon_core.package_discovery:discover_packages(path) check parameters
[1.439s] Level 1:colcon.colcon_core.package_discovery:discover_packages(colcon_meta) discover
[1.439s] Level 1:colcon.colcon_core.package_discovery:discover_packages(recursive) discover
[1.440s] INFO:colcon.colcon_core.package_discovery:Crawling recursively for packages in '/home/dentium/Desktop/work/Projects/TFRobot/md_interfaces'
[1.440s] Level 1:colcon.colcon_core.package_identification:_identify(.) by extensions ['ignore', 'ignore_ament_install']
[1.441s] Level 1:colcon.colcon_core.package_identification:_identify(.) by extension 'ignore'
[1.441s] Level 1:colcon.colcon_core.package_identification:_identify(.) by extension 'ignore_ament_install'
[1.441s] Level 1:colcon.colcon_core.package_identification:_identify(.) by extensions ['colcon_pkg']
[1.441s] Level 1:colcon.colcon_core.package_identification:_identify(.) by extension 'colcon_pkg'
[1.442s] Level 1:colcon.colcon_core.package_identification:_identify(.) by extensions ['colcon_meta']
[1.442s] Level 1:colcon.colcon_core.package_identification:_identify(.) by extension 'colcon_meta'
[1.442s] Level 1:colcon.colcon_core.package_identification:_identify(.) by extensions ['ros']
[1.442s] Level 1:colcon.colcon_core.package_identification:_identify(.) by extension 'ros'
[1.506s] DEBUG:colcon.colcon_core.package_identification:Package '.' with type 'ros.ament_cmake' and name 'md_interfaces'
[1.507s] Level 1:colcon.colcon_core.package_discovery:discover_packages(recursive) using defaults
[1.507s] Level 1:colcon.colcon_core.package_discovery:discover_packages(ignore) discover
[1.507s] Level 1:colcon.colcon_core.package_discovery:discover_packages(ignore) using defaults
[1.507s] Level 1:colcon.colcon_core.package_discovery:discover_packages(path) discover
[1.508s] Level 1:colcon.colcon_core.package_discovery:discover_packages(path) using defaults
[1.575s] Level 1:colcon.colcon_core.package_discovery:discover_packages(prefix_path) check parameters
[1.575s] Level 1:colcon.colcon_core.package_discovery:discover_packages(prefix_path) discover
[1.590s] DEBUG:colcon.colcon_installed_package_information.package_discovery:Found 257 installed packages in /opt/ros/foxy
[1.597s] Level 1:colcon.colcon_core.package_discovery:discover_packages(prefix_path) using defaults
[1.922s] Level 5:colcon.colcon_core.verb:set package 'md_interfaces' build argument 'cmake_args' from command line to 'None'
[1.923s] Level 5:colcon.colcon_core.verb:set package 'md_interfaces' build argument 'cmake_target' from command line to 'None'
[1.923s] Level 5:colcon.colcon_core.verb:set package 'md_interfaces' build argument 'cmake_target_skip_unavailable' from command line to 'False'
[1.923s] Level 5:colcon.colcon_core.verb:set package 'md_interfaces' build argument 'cmake_clean_cache' from command line to 'False'
[1.923s] Level 5:colcon.colcon_core.verb:set package 'md_interfaces' build argument 'cmake_clean_first' from command line to 'False'
[1.923s] Level 5:colcon.colcon_core.verb:set package 'md_interfaces' build argument 'cmake_force_configure' from command line to 'False'
[1.923s] Level 5:colcon.colcon_core.verb:set package 'md_interfaces' build argument 'ament_cmake_args' from command line to 'None'
[1.923s] Level 5:colcon.colcon_core.verb:set package 'md_interfaces' build argument 'catkin_cmake_args' from command line to 'None'
[1.924s] Level 5:colcon.colcon_core.verb:set package 'md_interfaces' build argument 'catkin_skip_building_tests' from command line to 'False'
[1.924s] DEBUG:colcon.colcon_core.verb:Building package 'md_interfaces' with the following arguments: {'ament_cmake_args': None, 'build_base': '/home/dentium/Desktop/work/Projects/TFRobot/md_interfaces/build/md_interfaces', 'catkin_cmake_args': None, 'catkin_skip_building_tests': False, 'cmake_args': None, 'cmake_clean_cache': False, 'cmake_clean_first': False, 'cmake_force_configure': False, 'cmake_target': None, 'cmake_target_skip_unavailable': False, 'install_base': '/home/dentium/Desktop/work/Projects/TFRobot/md_interfaces/install/md_interfaces', 'merge_install': False, 'path': '/home/dentium/Desktop/work/Projects/TFRobot/md_interfaces', 'symlink_install': False, 'test_result_base': None}
[1.924s] INFO:colcon.colcon_core.executor:Executing jobs using 'parallel' executor
[1.929s] DEBUG:colcon.colcon_parallel_executor.executor.parallel:run_until_complete
[1.930s] INFO:colcon.colcon_ros.task.ament_cmake.build:Building ROS package in '/home/dentium/Desktop/work/Projects/TFRobot/md_interfaces' with build type 'ament_cmake'
[1.930s] INFO:colcon.colcon_cmake.task.cmake.build:Building CMake package in '/home/dentium/Desktop/work/Projects/TFRobot/md_interfaces'
[1.942s] INFO:colcon.colcon_core.plugin_system:Skipping extension 'colcon_core.shell.bat': Not used on non-Windows systems
[1.943s] INFO:colcon.colcon_core.shell:Skip shell extension 'powershell' for command environment: Not usable outside of PowerShell
[1.944s] DEBUG:colcon.colcon_core.shell:Skip shell extension 'dsv' for command environment
[2.005s] DEBUG:colcon.colcon_core.event_handler.log_command:Invoking command in '/home/dentium/Desktop/work/Projects/TFRobot/md_interfaces/build/md_interfaces': CMAKE_PREFIX_PATH=/opt/ros/foxy /usr/bin/cmake /home/dentium/Desktop/work/Projects/TFRobot/md_interfaces -DCMAKE_INSTALL_PREFIX=/home/dentium/Desktop/work/Projects/TFRobot/md_interfaces/install/md_interfaces
[9.452s] DEBUG:colcon.colcon_core.event_handler.log_command:Invoked command in '/home/dentium/Desktop/work/Projects/TFRobot/md_interfaces/build/md_interfaces' returned '0': CMAKE_PREFIX_PATH=/opt/ros/foxy /usr/bin/cmake /home/dentium/Desktop/work/Projects/TFRobot/md_interfaces -DCMAKE_INSTALL_PREFIX=/home/dentium/Desktop/work/Projects/TFRobot/md_interfaces/install/md_interfaces
[9.470s] DEBUG:colcon.colcon_core.event_handler.log_command:Invoking command in '/home/dentium/Desktop/work/Projects/TFRobot/md_interfaces/build/md_interfaces': CMAKE_PREFIX_PATH=/opt/ros/foxy /usr/bin/cmake --build /home/dentium/Desktop/work/Projects/TFRobot/md_interfaces/build/md_interfaces -- -j4 -l4
[46.063s] DEBUG:colcon.colcon_core.event_handler.log_command:Invoked command in '/home/dentium/Desktop/work/Projects/TFRobot/md_interfaces/build/md_interfaces' returned '0': CMAKE_PREFIX_PATH=/opt/ros/foxy /usr/bin/cmake --build /home/dentium/Desktop/work/Projects/TFRobot/md_interfaces/build/md_interfaces -- -j4 -l4
[46.128s] DEBUG:colcon.colcon_core.event_handler.log_command:Invoking command in '/home/dentium/Desktop/work/Projects/TFRobot/md_interfaces/build/md_interfaces': CMAKE_PREFIX_PATH=/opt/ros/foxy /usr/bin/cmake --install /home/dentium/Desktop/work/Projects/TFRobot/md_interfaces/build/md_interfaces
[46.504s] Level 1:colcon.colcon_core.environment:create_environment_scripts_only(md_interfaces)
[46.512s] DEBUG:colcon.colcon_core.event_handler.log_command:Invoked command in '/home/dentium/Desktop/work/Projects/TFRobot/md_interfaces/build/md_interfaces' returned '0': CMAKE_PREFIX_PATH=/opt/ros/foxy /usr/bin/cmake --install /home/dentium/Desktop/work/Projects/TFRobot/md_interfaces/build/md_interfaces
[46.522s] Level 1:colcon.colcon_core.environment:checking '/home/dentium/Desktop/work/Projects/TFRobot/md_interfaces/install/md_interfaces' for CMake module files
[46.526s] Level 1:colcon.colcon_core.environment:checking '/home/dentium/Desktop/work/Projects/TFRobot/md_interfaces/install/md_interfaces' for CMake config files
[46.528s] Level 1:colcon.colcon_core.shell:create_environment_hook('md_interfaces', 'cmake_prefix_path')
[46.529s] INFO:colcon.colcon_core.shell:Creating environment hook '/home/dentium/Desktop/work/Projects/TFRobot/md_interfaces/install/md_interfaces/share/md_interfaces/hook/cmake_prefix_path.ps1'
[46.533s] INFO:colcon.colcon_core.shell:Creating environment descriptor '/home/dentium/Desktop/work/Projects/TFRobot/md_interfaces/install/md_interfaces/share/md_interfaces/hook/cmake_prefix_path.dsv'
[46.535s] INFO:colcon.colcon_core.shell:Creating environment hook '/home/dentium/Desktop/work/Projects/TFRobot/md_interfaces/install/md_interfaces/share/md_interfaces/hook/cmake_prefix_path.sh'
[46.538s] Level 1:colcon.colcon_core.environment:checking '/home/dentium/Desktop/work/Projects/TFRobot/md_interfaces/install/md_interfaces/lib'
[46.539s] Level 1:colcon.colcon_core.shell:create_environment_hook('md_interfaces', 'ld_library_path_lib')
[46.540s] INFO:colcon.colcon_core.shell:Creating environment hook '/home/dentium/Desktop/work/Projects/TFRobot/md_interfaces/install/md_interfaces/share/md_interfaces/hook/ld_library_path_lib.ps1'
[46.542s] INFO:colcon.colcon_core.shell:Creating environment descriptor '/home/dentium/Desktop/work/Projects/TFRobot/md_interfaces/install/md_interfaces/share/md_interfaces/hook/ld_library_path_lib.dsv'
[46.543s] INFO:colcon.colcon_core.shell:Creating environment hook '/home/dentium/Desktop/work/Projects/TFRobot/md_interfaces/install/md_interfaces/share/md_interfaces/hook/ld_library_path_lib.sh'
[46.544s] Level 1:colcon.colcon_core.environment:checking '/home/dentium/Desktop/work/Projects/TFRobot/md_interfaces/install/md_interfaces/bin'
[46.545s] Level 1:colcon.colcon_core.environment:checking '/home/dentium/Desktop/work/Projects/TFRobot/md_interfaces/install/md_interfaces/lib/pkgconfig/md_interfaces.pc'
[46.546s] Level 1:colcon.colcon_core.environment:checking '/home/dentium/Desktop/work/Projects/TFRobot/md_interfaces/install/md_interfaces/lib/python3.8/site-packages'
[46.546s] Level 1:colcon.colcon_core.shell:create_environment_hook('md_interfaces', 'pythonpath')
[46.547s] INFO:colcon.colcon_core.shell:Creating environment hook '/home/dentium/Desktop/work/Projects/TFRobot/md_interfaces/install/md_interfaces/share/md_interfaces/hook/pythonpath.ps1'
[46.549s] INFO:colcon.colcon_core.shell:Creating environment descriptor '/home/dentium/Desktop/work/Projects/TFRobot/md_interfaces/install/md_interfaces/share/md_interfaces/hook/pythonpath.dsv'
[46.550s] INFO:colcon.colcon_core.shell:Creating environment hook '/home/dentium/Desktop/work/Projects/TFRobot/md_interfaces/install/md_interfaces/share/md_interfaces/hook/pythonpath.sh'
[46.552s] Level 1:colcon.colcon_core.environment:checking '/home/dentium/Desktop/work/Projects/TFRobot/md_interfaces/install/md_interfaces/bin'
[46.553s] INFO:colcon.colcon_core.shell:Creating package script '/home/dentium/Desktop/work/Projects/TFRobot/md_interfaces/install/md_interfaces/share/md_interfaces/package.ps1'
[46.557s] INFO:colcon.colcon_core.shell:Creating package descriptor '/home/dentium/Desktop/work/Projects/TFRobot/md_interfaces/install/md_interfaces/share/md_interfaces/package.dsv'
[46.559s] INFO:colcon.colcon_core.shell:Creating package script '/home/dentium/Desktop/work/Projects/TFRobot/md_interfaces/install/md_interfaces/share/md_interfaces/package.sh'
[46.563s] INFO:colcon.colcon_core.shell:Creating package script '/home/dentium/Desktop/work/Projects/TFRobot/md_interfaces/install/md_interfaces/share/md_interfaces/package.bash'
[46.566s] INFO:colcon.colcon_core.shell:Creating package script '/home/dentium/Desktop/work/Projects/TFRobot/md_interfaces/install/md_interfaces/share/md_interfaces/package.zsh'
[46.568s] Level 1:colcon.colcon_core.environment:create_file_with_runtime_dependencies(/home/dentium/Desktop/work/Projects/TFRobot/md_interfaces/install/md_interfaces/share/colcon-core/packages/md_interfaces)
[46.572s] Level 1:colcon.colcon_core.environment:create_environment_scripts_only(md_interfaces)
[46.573s] Level 1:colcon.colcon_core.environment:checking '/home/dentium/Desktop/work/Projects/TFRobot/md_interfaces/install/md_interfaces' for CMake module files
[46.576s] Level 1:colcon.colcon_core.environment:checking '/home/dentium/Desktop/work/Projects/TFRobot/md_interfaces/install/md_interfaces' for CMake config files
[46.579s] Level 1:colcon.colcon_core.shell:create_environment_hook('md_interfaces', 'cmake_prefix_path')
[46.580s] INFO:colcon.colcon_core.shell:Creating environment hook '/home/dentium/Desktop/work/Projects/TFRobot/md_interfaces/install/md_interfaces/share/md_interfaces/hook/cmake_prefix_path.ps1'
[46.582s] INFO:colcon.colcon_core.shell:Creating environment descriptor '/home/dentium/Desktop/work/Projects/TFRobot/md_interfaces/install/md_interfaces/share/md_interfaces/hook/cmake_prefix_path.dsv'
[46.583s] INFO:colcon.colcon_core.shell:Creating environment hook '/home/dentium/Desktop/work/Projects/TFRobot/md_interfaces/install/md_interfaces/share/md_interfaces/hook/cmake_prefix_path.sh'
[46.586s] Level 1:colcon.colcon_core.environment:checking '/home/dentium/Desktop/work/Projects/TFRobot/md_interfaces/install/md_interfaces/lib'
[46.586s] Level 1:colcon.colcon_core.shell:create_environment_hook('md_interfaces', 'ld_library_path_lib')
[46.587s] INFO:colcon.colcon_core.shell:Creating environment hook '/home/dentium/Desktop/work/Projects/TFRobot/md_interfaces/install/md_interfaces/share/md_interfaces/hook/ld_library_path_lib.ps1'
[46.589s] INFO:colcon.colcon_core.shell:Creating environment descriptor '/home/dentium/Desktop/work/Projects/TFRobot/md_interfaces/install/md_interfaces/share/md_interfaces/hook/ld_library_path_lib.dsv'
[46.590s] INFO:colcon.colcon_core.shell:Creating environment hook '/home/dentium/Desktop/work/Projects/TFRobot/md_interfaces/install/md_interfaces/share/md_interfaces/hook/ld_library_path_lib.sh'
[46.592s] Level 1:colcon.colcon_core.environment:checking '/home/dentium/Desktop/work/Projects/TFRobot/md_interfaces/install/md_interfaces/bin'
[46.592s] Level 1:colcon.colcon_core.environment:checking '/home/dentium/Desktop/work/Projects/TFRobot/md_interfaces/install/md_interfaces/lib/pkgconfig/md_interfaces.pc'
[46.593s] Level 1:colcon.colcon_core.environment:checking '/home/dentium/Desktop/work/Projects/TFRobot/md_interfaces/install/md_interfaces/lib/python3.8/site-packages'
[46.593s] Level 1:colcon.colcon_core.shell:create_environment_hook('md_interfaces', 'pythonpath')
[46.594s] INFO:colcon.colcon_core.shell:Creating environment hook '/home/dentium/Desktop/work/Projects/TFRobot/md_interfaces/install/md_interfaces/share/md_interfaces/hook/pythonpath.ps1'
[46.596s] INFO:colcon.colcon_core.shell:Creating environment descriptor '/home/dentium/Desktop/work/Projects/TFRobot/md_interfaces/install/md_interfaces/share/md_interfaces/hook/pythonpath.dsv'
[46.597s] INFO:colcon.colcon_core.shell:Creating environment hook '/home/dentium/Desktop/work/Projects/TFRobot/md_interfaces/install/md_interfaces/share/md_interfaces/hook/pythonpath.sh'
[46.599s] Level 1:colcon.colcon_core.environment:checking '/home/dentium/Desktop/work/Projects/TFRobot/md_interfaces/install/md_interfaces/bin'
[46.601s] INFO:colcon.colcon_core.shell:Creating package script '/home/dentium/Desktop/work/Projects/TFRobot/md_interfaces/install/md_interfaces/share/md_interfaces/package.ps1'
[46.603s] INFO:colcon.colcon_core.shell:Creating package descriptor '/home/dentium/Desktop/work/Projects/TFRobot/md_interfaces/install/md_interfaces/share/md_interfaces/package.dsv'
[46.606s] INFO:colcon.colcon_core.shell:Creating package script '/home/dentium/Desktop/work/Projects/TFRobot/md_interfaces/install/md_interfaces/share/md_interfaces/package.sh'
[46.608s] INFO:colcon.colcon_core.shell:Creating package script '/home/dentium/Desktop/work/Projects/TFRobot/md_interfaces/install/md_interfaces/share/md_interfaces/package.bash'
[46.609s] INFO:colcon.colcon_core.shell:Creating package script '/home/dentium/Desktop/work/Projects/TFRobot/md_interfaces/install/md_interfaces/share/md_interfaces/package.zsh'
[46.611s] Level 1:colcon.colcon_core.environment:create_file_with_runtime_dependencies(/home/dentium/Desktop/work/Projects/TFRobot/md_interfaces/install/md_interfaces/share/colcon-core/packages/md_interfaces)
[46.613s] DEBUG:colcon.colcon_parallel_executor.executor.parallel:closing loop
[46.615s] DEBUG:colcon.colcon_parallel_executor.executor.parallel:loop closed
[46.615s] DEBUG:colcon.colcon_parallel_executor.executor.parallel:run_until_complete finished with '0'
[46.616s] DEBUG:colcon.colcon_core.event_reactor:joining thread
[46.642s] INFO:colcon.colcon_core.plugin_system:Skipping extension 'colcon_notification.desktop_notification.terminal_notifier': Not used on non-Darwin systems
[46.643s] INFO:colcon.colcon_core.plugin_system:Skipping extension 'colcon_notification.desktop_notification.win32': Not used on non-Windows systems
[46.643s] INFO:colcon.colcon_notification.desktop_notification:Sending desktop notification using 'notify2'
[46.723s] DEBUG:colcon.colcon_core.event_reactor:joined thread
[46.724s] INFO:colcon.colcon_core.shell:Creating prefix script '/home/dentium/Desktop/work/Projects/TFRobot/md_interfaces/install/local_setup.ps1'
[46.728s] INFO:colcon.colcon_core.shell:Creating prefix util module '/home/dentium/Desktop/work/Projects/TFRobot/md_interfaces/install/_local_setup_util_ps1.py'
[46.735s] INFO:colcon.colcon_core.shell:Creating prefix chain script '/home/dentium/Desktop/work/Projects/TFRobot/md_interfaces/install/setup.ps1'
[46.740s] INFO:colcon.colcon_core.shell:Creating prefix script '/home/dentium/Desktop/work/Projects/TFRobot/md_interfaces/install/local_setup.sh'
[46.743s] INFO:colcon.colcon_core.shell:Creating prefix util module '/home/dentium/Desktop/work/Projects/TFRobot/md_interfaces/install/_local_setup_util_sh.py'
[46.747s] INFO:colcon.colcon_core.shell:Creating prefix chain script '/home/dentium/Desktop/work/Projects/TFRobot/md_interfaces/install/setup.sh'
[46.751s] INFO:colcon.colcon_core.shell:Creating prefix script '/home/dentium/Desktop/work/Projects/TFRobot/md_interfaces/install/local_setup.bash'
[46.754s] INFO:colcon.colcon_core.shell:Creating prefix chain script '/home/dentium/Desktop/work/Projects/TFRobot/md_interfaces/install/setup.bash'
[46.760s] INFO:colcon.colcon_core.shell:Creating prefix script '/home/dentium/Desktop/work/Projects/TFRobot/md_interfaces/install/local_setup.zsh'
[46.762s] INFO:colcon.colcon_core.shell:Creating prefix chain script '/home/dentium/Desktop/work/Projects/TFRobot/md_interfaces/install/setup.zsh'
